<?xml version="1.0" encoding="UTF-8"?>
<!-- Generated by org.testng.reporters.JUnitXMLReporter -->
<testsuite hostname="abdullahs-MBP.fios-router.home" ignored="0" name="Nopackage" tests="1" failures="1" timestamp="07 Aug 2019 06:03:37 GMT" time="1.105" errors="0">
  <testcase name="feature" time="0.883" classname="cucumber.api.testng.AbstractTestNGCucumberTests">
    <failure type="cucumber.runtime.CucumberException" message="org.openqa.selenium.WebDriverException: unknown error: cannot find Chrome binary
Build info: version: &amp;apos;3.13.0&amp;apos;, revision: &amp;apos;2f0d292&amp;apos;, time: &amp;apos;2018-06-25T15:24:21.231Z&amp;apos;
System info: host: &amp;apos;abdullahs-MBP.fios-router.home&amp;apos;, ip: &amp;apos;fe80:0:0:0:1ce5:b621:905b:3a28%en0&amp;apos;, os.name: &amp;apos;Mac OS X&amp;apos;, os.arch: &amp;apos;x86_64&amp;apos;, os.version: &amp;apos;10.14.6&amp;apos;, java.version: &amp;apos;1.8.0_211&amp;apos;
Driver info: driver.version: ChromeDriver
remote stacktrace: 0   chromedriver                        0x000000010464c129 chromedriver + 3649833
1   chromedriver                        0x00000001045dc133 chromedriver + 3191091
2   chromedriver                        0x000000010437ccef chromedriver + 703727
3   chromedriver                        0x00000001042e3b4e chromedriver + 76622
4   chromedriver                        0x0000000104311179 chromedriver + 262521
5   chromedriver                        0x000000010430e793 chromedriver + 251795
6   chromedriver                        0x00000001042ea7e2 chromedriver + 104418
7   chromedriver                        0x00000001042eb8a5 chromedriver + 108709
8   chromedriver                        0x0000000104609c1f chromedriver + 3378207
9   chromedriver                        0x0000000104615940 chromedriver + 3426624
10  chromedriver                        0x00000001046156d8 chromedriver + 3426008
11  chromedriver                        0x00000001045ea069 chromedriver + 3248233
12  chromedriver                        0x00000001046161b8 chromedriver + 3428792
13  chromedriver                        0x00000001045fdf07 chromedriver + 3329799
14  chromedriver                        0x0000000104633014 chromedriver + 3547156
15  chromedriver                        0x0000000104651e67 chromedriver + 3673703
16  libsystem_pthread.dylib             0x00007fff7be292eb _pthread_body + 126
17  libsystem_pthread.dylib             0x00007fff7be2c249 _pthread_start + 66
18  libsystem_pthread.dylib             0x00007fff7be2840d thread_start + 13
">
      <![CDATA[cucumber.runtime.CucumberException: org.openqa.selenium.WebDriverException: unknown error: cannot find Chrome binary
Build info: version: '3.13.0', revision: '2f0d292', time: '2018-06-25T15:24:21.231Z'
System info: host: 'abdullahs-MBP.fios-router.home', ip: 'fe80:0:0:0:1ce5:b621:905b:3a28%en0', os.name: 'Mac OS X', os.arch: 'x86_64', os.version: '10.14.6', java.version: '1.8.0_211'
Driver info: driver.version: ChromeDriver
remote stacktrace: 0   chromedriver                        0x000000010464c129 chromedriver + 3649833
1   chromedriver                        0x00000001045dc133 chromedriver + 3191091
2   chromedriver                        0x000000010437ccef chromedriver + 703727
3   chromedriver                        0x00000001042e3b4e chromedriver + 76622
4   chromedriver                        0x0000000104311179 chromedriver + 262521
5   chromedriver                        0x000000010430e793 chromedriver + 251795
6   chromedriver                        0x00000001042ea7e2 chromedriver + 104418
7   chromedriver                        0x00000001042eb8a5 chromedriver + 108709
8   chromedriver                        0x0000000104609c1f chromedriver + 3378207
9   chromedriver                        0x0000000104615940 chromedriver + 3426624
10  chromedriver                        0x00000001046156d8 chromedriver + 3426008
11  chromedriver                        0x00000001045ea069 chromedriver + 3248233
12  chromedriver                        0x00000001046161b8 chromedriver + 3428792
13  chromedriver                        0x00000001045fdf07 chromedriver + 3329799
14  chromedriver                        0x0000000104633014 chromedriver + 3547156
15  chromedriver                        0x0000000104651e67 chromedriver + 3673703
16  libsystem_pthread.dylib             0x00007fff7be292eb _pthread_body + 126
17  libsystem_pthread.dylib             0x00007fff7be2c249 _pthread_start + 66
18  libsystem_pthread.dylib             0x00007fff7be2840d thread_start + 13

	at cucumber.api.testng.TestNGCucumberRunner.runCucumber(TestNGCucumberRunner.java:69)
	at cucumber.api.testng.AbstractTestNGCucumberTests.feature(AbstractTestNGCucumberTests.java:21)
Caused by: org.openqa.selenium.WebDriverException: unknown error: cannot find Chrome binary
Build info: version: '3.13.0', revision: '2f0d292', time: '2018-06-25T15:24:21.231Z'
System info: host: 'abdullahs-MBP.fios-router.home', ip: 'fe80:0:0:0:1ce5:b621:905b:3a28%en0', os.name: 'Mac OS X', os.arch: 'x86_64', os.version: '10.14.6', java.version: '1.8.0_211'
Driver info: driver.version: ChromeDriver
remote stacktrace: 0   chromedriver                        0x000000010464c129 chromedriver + 3649833
1   chromedriver                        0x00000001045dc133 chromedriver + 3191091
2   chromedriver                        0x000000010437ccef chromedriver + 703727
3   chromedriver                        0x00000001042e3b4e chromedriver + 76622
4   chromedriver                        0x0000000104311179 chromedriver + 262521
5   chromedriver                        0x000000010430e793 chromedriver + 251795
6   chromedriver                        0x00000001042ea7e2 chromedriver + 104418
7   chromedriver                        0x00000001042eb8a5 chromedriver + 108709
8   chromedriver                        0x0000000104609c1f chromedriver + 3378207
9   chromedriver                        0x0000000104615940 chromedriver + 3426624
10  chromedriver                        0x00000001046156d8 chromedriver + 3426008
11  chromedriver                        0x00000001045ea069 chromedriver + 3248233
12  chromedriver                        0x00000001046161b8 chromedriver + 3428792
13  chromedriver                        0x00000001045fdf07 chromedriver + 3329799
14  chromedriver                        0x0000000104633014 chromedriver + 3547156
15  chromedriver                        0x0000000104651e67 chromedriver + 3673703
16  libsystem_pthread.dylib             0x00007fff7be292eb _pthread_body + 126
17  libsystem_pthread.dylib             0x00007fff7be2c249 _pthread_start + 66
18  libsystem_pthread.dylib             0x00007fff7be2840d thread_start + 13

	at org.openqa.selenium.remote.W3CHandshakeResponse.lambda$new$0(W3CHandshakeResponse.java:57)
	at org.openqa.selenium.remote.W3CHandshakeResponse.lambda$getResponseFunction$2(W3CHandshakeResponse.java:104)
	at org.openqa.selenium.remote.ProtocolHandshake.lambda$createSession$0(ProtocolHandshake.java:123)
	at java.util.stream.ReferencePipeline$3$1.accept(ReferencePipeline.java:193)
	at java.util.Spliterators$ArraySpliterator.tryAdvance(Spliterators.java:958)
	at java.util.stream.ReferencePipeline.forEachWithCancel(ReferencePipeline.java:126)
	at java.util.stream.AbstractPipeline.copyIntoWithCancel(AbstractPipeline.java:498)
	at java.util.stream.AbstractPipeline.copyInto(AbstractPipeline.java:485)
	at java.util.stream.AbstractPipeline.wrapAndCopyInto(AbstractPipeline.java:471)
	at java.util.stream.FindOps$FindOp.evaluateSequential(FindOps.java:152)
	at java.util.stream.AbstractPipeline.evaluate(AbstractPipeline.java:234)
	at java.util.stream.ReferencePipeline.findFirst(ReferencePipeline.java:464)
	at org.openqa.selenium.remote.ProtocolHandshake.createSession(ProtocolHandshake.java:126)
	at org.openqa.selenium.remote.ProtocolHandshake.createSession(ProtocolHandshake.java:73)
	at org.openqa.selenium.remote.HttpCommandExecutor.execute(HttpCommandExecutor.java:136)
	at org.openqa.selenium.remote.service.DriverCommandExecutor.execute(DriverCommandExecutor.java:83)
	at org.openqa.selenium.remote.RemoteWebDriver.execute(RemoteWebDriver.java:548)
	at org.openqa.selenium.remote.RemoteWebDriver.startSession(RemoteWebDriver.java:212)
	at org.openqa.selenium.remote.RemoteWebDriver.<init>(RemoteWebDriver.java:130)
	at org.openqa.selenium.chrome.ChromeDriver.<init>(ChromeDriver.java:181)
	at org.openqa.selenium.chrome.ChromeDriver.<init>(ChromeDriver.java:168)
	at org.openqa.selenium.chrome.ChromeDriver.<init>(ChromeDriver.java:123)
	at com.common.Base.getdriver(Base.java:17)
	at com.stepdeff.LoginStep.i_am_on_google_homepage(LoginStep.java:14)
	at âœ½.Given I am on google  homepage(Login.feature:3)
... Removed 29 stack frames]]>
    </failure>
  </testcase> <!-- feature -->
</testsuite> <!-- Nopackage -->
